<?xml version="1.0" encoding="UTF-8"?>
<!-- Generated by org.testng.reporters.JUnitXMLReporter -->
<testsuite hostname="Saravanans-MacBook-Pro.local" failures="0" tests="6" name="Test" time="0.015" errors="0" timestamp="2 Jun 2020 21:19:09 GMT">
  <testcase classname="qaclickacademy.mavenjava.RestAPITest" name="deleteTwitter" time="0.006"/>
  <testcase classname="qaclickacademy.mavenjava.RestAPITest" name="postJira" time="0.0"/>
  <testcase classname="qaclickacademy.mavenjava.SeleniumTest" name="Browserautomation" time="0.0"/>
  <testcase classname="qaclickacademy.mavenjava.SeleniumTest" name="elementsUI" time="0.0"/>
  <testcase classname="qaclickacademy.mavenjava.AppiumTest" name="IOSApp" time="0.001"/>
  <testcase classname="qaclickacademy.mavenjava.AppiumTest" name="nativeappAnroid" time="0.0"/>
</testsuite> <!-- Test -->
