<?xml version="1.0" encoding="UTF-8"?>
<testsuite xmlns:xsi="http://www.w3.org/2001/XMLSchema-instance" xsi:noNamespaceSchemaLocation="https://maven.apache.org/surefire/maven-surefire-plugin/xsd/surefire-test-report-3.0.xsd" version="3.0" name="TestSuite" time="0.982" tests="6" errors="0" skipped="0" failures="0">
  <properties>
[...]
</properties>
  <testcase name="deleteTwitter" classname="qaclickacademy.mavenjava.RestAPITest" time="0.006"/>
  <testcase name="postJira" classname="qaclickacademy.mavenjava.RestAPITest" time="0"/>
  <testcase name="Browserautomation" classname="qaclickacademy.mavenjava.SeleniumTest" time="0.001"/>
  <testcase name="elementsUI" classname="qaclickacademy.mavenjava.SeleniumTest" time="0"/>
  <testcase name="IOSApp" classname="qaclickacademy.mavenjava.AppiumTest" time="0"/>
  <testcase name="nativeappAnroid" classname="qaclickacademy.mavenjava.AppiumTest" time="0"/>
</testsuite>