<?xml version="1.0" encoding="UTF-8"?>
<testng-results total="6" passed="6" failed="0" skipped="0">
  <reporter-output>
  </reporter-output>
  <suite started-at="2020-06-02T21:19:09Z" name="Suite" finished-at="2020-06-02T21:19:09Z" duration-ms="15">
    <groups>
    </groups>
    <test started-at="2020-06-02T21:19:09Z" name="Test" finished-at="2020-06-02T21:19:09Z" duration-ms="15">
      <class name="qaclickacademy.mavenjava.RestAPITest">
        <test-method signature="deleteTwitter()[pri:0, instance:qaclickacademy.mavenjava.RestAPITest@38467116]" started-at="2020-06-02T17:19:09Z" name="deleteTwitter" finished-at="2020-06-02T17:19:09Z" duration-ms="6" status="PASS">
          <reporter-output>
          </reporter-output>
        </test-method> <!-- deleteTwitter -->
        <test-method signature="postJira()[pri:0, instance:qaclickacademy.mavenjava.RestAPITest@38467116]" started-at="2020-06-02T17:19:09Z" name="postJira" finished-at="2020-06-02T17:19:09Z" duration-ms="0" status="PASS">
          <reporter-output>
          </reporter-output>
        </test-method> <!-- postJira -->
      </class> <!-- qaclickacademy.mavenjava.RestAPITest -->
      <class name="qaclickacademy.mavenjava.SeleniumTest">
        <test-method signature="elementsUI()[pri:0, instance:qaclickacademy.mavenjava.SeleniumTest@57bc27f5]" started-at="2020-06-02T17:19:09Z" name="elementsUI" finished-at="2020-06-02T17:19:09Z" duration-ms="0" status="PASS">
          <reporter-output>
          </reporter-output>
        </test-method> <!-- elementsUI -->
        <test-method signature="Browserautomation()[pri:0, instance:qaclickacademy.mavenjava.SeleniumTest@57bc27f5]" started-at="2020-06-02T17:19:09Z" name="Browserautomation" finished-at="2020-06-02T17:19:09Z" duration-ms="0" status="PASS">
          <reporter-output>
          </reporter-output>
        </test-method> <!-- Browserautomation -->
      </class> <!-- qaclickacademy.mavenjava.SeleniumTest -->
      <class name="qaclickacademy.mavenjava.AppiumTest">
        <test-method signature="IOSApp()[pri:0, instance:qaclickacademy.mavenjava.AppiumTest@5fb759d6]" started-at="2020-06-02T17:19:09Z" name="IOSApp" finished-at="2020-06-02T17:19:09Z" duration-ms="1" status="PASS">
          <reporter-output>
          </reporter-output>
        </test-method> <!-- IOSApp -->
        <test-method signature="nativeappAnroid()[pri:0, instance:qaclickacademy.mavenjava.AppiumTest@5fb759d6]" started-at="2020-06-02T17:19:09Z" name="nativeappAnroid" finished-at="2020-06-02T17:19:09Z" duration-ms="0" status="PASS">
          <reporter-output>
          </reporter-output>
        </test-method> <!-- nativeappAnroid -->
      </class> <!-- qaclickacademy.mavenjava.AppiumTest -->
    </test> <!-- Test -->
  </suite> <!-- Suite -->
</testng-results>
